{"D:\\ToyProject\\Study\\uberEatsClone\\nuber-eats-backend\\src\\app.module.ts": {"path":"D:\\ToyProject\\Study\\uberEatsClone\\nuber-eats-backend\\src\\app.module.ts","statementMap":{"0":{"start":{"line":1,"column":0},"end":{"line":1,"column":87}},"1":{"start":{"line":2,"column":0},"end":{"line":2,"column":27}},"2":{"start":{"line":3,"column":0},"end":{"line":3,"column":46}},"3":{"start":{"line":4,"column":0},"end":{"line":4,"column":48}},"4":{"start":{"line":5,"column":0},"end":{"line":5,"column":48}},"5":{"start":{"line":8,"column":0},"end":{"line":8,"column":51}},"6":{"start":{"line":9,"column":0},"end":{"line":9,"column":52}},"7":{"start":{"line":10,"column":0},"end":{"line":10,"column":45}},"8":{"start":{"line":12,"column":0},"end":{"line":12,"column":53}},"9":{"start":{"line":14,"column":0},"end":{"line":14,"column":68}},"10":{"start":{"line":15,"column":0},"end":{"line":15,"column":48}},"11":{"start":{"line":77,"column":0},"end":{"line":84,"column":null}},"12":{"start":{"line":79,"column":4},"end":{"line":82,"column":7}},"13":{"start":{"line":77,"column":13},"end":{"line":84,"column":null}},"14":{"start":{"line":38,"column":27},"end":{"line":38,"column":45}},"15":{"start":{"line":77,"column":13},"end":{"line":77,"column":22}}},"fnMap":{"0":{"name":"(anonymous_1)","decl":{"start":{"line":78,"column":4},"end":{"line":78,"column":13}},"loc":{"start":{"line":78,"column":43},"end":{"line":83,"column":3}}},"1":{"name":"(anonymous_2)","decl":{"start":{"line":38,"column":15},"end":{"line":38,"column":16}},"loc":{"start":{"line":38,"column":27},"end":{"line":38,"column":45}}}},"branchMap":{"0":{"loc":{"start":{"line":21,"column":52},"end":{"line":21,"column":62}},"type":"cond-expr","locations":[{"start":{"line":21,"column":52},"end":{"line":21,"column":62}},{"start":{"line":21,"column":65},"end":{"line":21,"column":76}}]}},"s":{"0":0,"1":0,"2":0,"3":0,"4":0,"5":0,"6":0,"7":0,"8":0,"9":0,"10":0,"11":0,"12":0,"13":0,"14":0,"15":0},"f":{"0":0,"1":0},"b":{"0":[0,0]}}
,"D:\\ToyProject\\Study\\uberEatsClone\\nuber-eats-backend\\src\\main.ts": {"path":"D:\\ToyProject\\Study\\uberEatsClone\\nuber-eats-backend\\src\\main.ts","statementMap":{"0":{"start":{"line":1,"column":0},"end":{"line":1,"column":48}},"1":{"start":{"line":2,"column":0},"end":{"line":2,"column":43}},"2":{"start":{"line":3,"column":0},"end":{"line":3,"column":41}},"3":{"start":{"line":6,"column":14},"end":{"line":6,"column":49}},"4":{"start":{"line":7,"column":2},"end":{"line":7,"column":43}},"5":{"start":{"line":10,"column":2},"end":{"line":10,"column":25}},"6":{"start":{"line":12,"column":0},"end":{"line":12,"column":12}}},"fnMap":{"0":{"name":"bootstrap","decl":{"start":{"line":5,"column":15},"end":{"line":5,"column":24}},"loc":{"start":{"line":5,"column":24},"end":{"line":11,"column":1}}}},"branchMap":{},"s":{"0":0,"1":0,"2":0,"3":0,"4":0,"5":0,"6":0},"f":{"0":0},"b":{}}
,"D:\\ToyProject\\Study\\uberEatsClone\\nuber-eats-backend\\src\\auth\\auth-user.decorator.ts": {"path":"D:\\ToyProject\\Study\\uberEatsClone\\nuber-eats-backend\\src\\auth\\auth-user.decorator.ts","statementMap":{"0":{"start":{"line":1,"column":0},"end":{"line":1,"column":72}},"1":{"start":{"line":2,"column":0},"end":{"line":2,"column":54}},"2":{"start":{"line":4,"column":13},"end":{"line":10,"column":2}},"3":{"start":{"line":6,"column":27},"end":{"line":6,"column":75}},"4":{"start":{"line":7,"column":21},"end":{"line":7,"column":39}},"5":{"start":{"line":8,"column":8},"end":{"line":8,"column":20}}},"fnMap":{"0":{"name":"(anonymous_0)","decl":{"start":{"line":5,"column":4},"end":{"line":5,"column":5}},"loc":{"start":{"line":5,"column":47},"end":{"line":9,"column":5}}}},"branchMap":{},"s":{"0":0,"1":0,"2":0,"3":0,"4":0,"5":0},"f":{"0":0},"b":{}}
,"D:\\ToyProject\\Study\\uberEatsClone\\nuber-eats-backend\\src\\auth\\auth.guard.ts": {"path":"D:\\ToyProject\\Study\\uberEatsClone\\nuber-eats-backend\\src\\auth\\auth.guard.ts","statementMap":{"0":{"start":{"line":1,"column":0},"end":{"line":1,"column":75}},"1":{"start":{"line":2,"column":0},"end":{"line":2,"column":54}},"2":{"start":{"line":5,"column":0},"end":{"line":17,"column":null}},"3":{"start":{"line":7,"column":27},"end":{"line":7,"column":75}},"4":{"start":{"line":8,"column":21},"end":{"line":8,"column":39}},"5":{"start":{"line":11,"column":8},"end":{"line":13,"column":null}},"6":{"start":{"line":12,"column":12},"end":{"line":12,"column":25}},"7":{"start":{"line":15,"column":8},"end":{"line":15,"column":20}},"8":{"start":{"line":5,"column":13},"end":{"line":17,"column":null}},"9":{"start":{"line":5,"column":13},"end":{"line":5,"column":22}}},"fnMap":{"0":{"name":"(anonymous_1)","decl":{"start":{"line":6,"column":4},"end":{"line":6,"column":15}},"loc":{"start":{"line":6,"column":40},"end":{"line":16,"column":5}}}},"branchMap":{"0":{"loc":{"start":{"line":11,"column":8},"end":{"line":13,"column":null}},"type":"if","locations":[{"start":{"line":11,"column":8},"end":{"line":13,"column":null}},{"start":{"line":11,"column":8},"end":{"line":13,"column":null}}]}},"s":{"0":0,"1":0,"2":0,"3":0,"4":0,"5":0,"6":0,"7":0,"8":0,"9":0},"f":{"0":0},"b":{"0":[0,0]}}
,"D:\\ToyProject\\Study\\uberEatsClone\\nuber-eats-backend\\src\\auth\\auth.module.ts": {"path":"D:\\ToyProject\\Study\\uberEatsClone\\nuber-eats-backend\\src\\auth\\auth.module.ts","statementMap":{"0":{"start":{"line":1,"column":0},"end":{"line":1,"column":40}},"1":{"start":{"line":4,"column":0},"end":{"line":4,"column":null}},"2":{"start":{"line":4,"column":13},"end":{"line":4,"column":null}},"3":{"start":{"line":4,"column":13},"end":{"line":4,"column":23}}},"fnMap":{},"branchMap":{},"s":{"0":0,"1":0,"2":0,"3":0},"f":{},"b":{}}
,"D:\\ToyProject\\Study\\uberEatsClone\\nuber-eats-backend\\src\\common\\common.constants.ts": {"path":"D:\\ToyProject\\Study\\uberEatsClone\\nuber-eats-backend\\src\\common\\common.constants.ts","statementMap":{"0":{"start":{"line":1,"column":13},"end":{"line":1,"column":47}}},"fnMap":{},"branchMap":{},"s":{"0":1},"f":{},"b":{}}
,"D:\\ToyProject\\Study\\uberEatsClone\\nuber-eats-backend\\src\\common\\common.module.ts": {"path":"D:\\ToyProject\\Study\\uberEatsClone\\nuber-eats-backend\\src\\common\\common.module.ts","statementMap":{"0":{"start":{"line":1,"column":0},"end":{"line":1,"column":40}},"1":{"start":{"line":4,"column":0},"end":{"line":4,"column":null}},"2":{"start":{"line":4,"column":13},"end":{"line":4,"column":null}},"3":{"start":{"line":4,"column":13},"end":{"line":4,"column":25}}},"fnMap":{},"branchMap":{},"s":{"0":0,"1":0,"2":0,"3":0},"f":{},"b":{}}
,"D:\\ToyProject\\Study\\uberEatsClone\\nuber-eats-backend\\src\\common\\dtos\\output.dto.ts": {"path":"D:\\ToyProject\\Study\\uberEatsClone\\nuber-eats-backend\\src\\common\\dtos\\output.dto.ts","statementMap":{"0":{"start":{"line":1,"column":0},"end":{"line":1,"column":52}},"1":{"start":{"line":4,"column":0},"end":{"line":10,"column":null}},"2":{"start":{"line":6,"column":4},"end":{"line":6,"column":null}},"3":{"start":{"line":5,"column":19},"end":{"line":5,"column":25}},"4":{"start":{"line":9,"column":4},"end":{"line":9,"column":null}},"5":{"start":{"line":8,"column":17},"end":{"line":8,"column":24}},"6":{"start":{"line":4,"column":13},"end":{"line":10,"column":null}},"7":{"start":{"line":4,"column":13},"end":{"line":4,"column":23}}},"fnMap":{"0":{"name":"(anonymous_2)","decl":{"start":{"line":5,"column":11},"end":{"line":5,"column":15}},"loc":{"start":{"line":5,"column":19},"end":{"line":5,"column":25}}},"1":{"name":"(anonymous_3)","decl":{"start":{"line":8,"column":11},"end":{"line":8,"column":15}},"loc":{"start":{"line":8,"column":17},"end":{"line":8,"column":24}}}},"branchMap":{},"s":{"0":0,"1":0,"2":0,"3":0,"4":0,"5":0,"6":0,"7":0},"f":{"0":0,"1":0},"b":{}}
,"D:\\ToyProject\\Study\\uberEatsClone\\nuber-eats-backend\\src\\jwt\\jwt.middleware.ts": {"path":"D:\\ToyProject\\Study\\uberEatsClone\\nuber-eats-backend\\src\\jwt\\jwt.middleware.ts","statementMap":{"0":{"start":{"line":1,"column":0},"end":{"line":1,"column":60}},"1":{"start":{"line":3,"column":0},"end":{"line":3,"column":55}},"2":{"start":{"line":4,"column":0},"end":{"line":4,"column":43}},"3":{"start":{"line":7,"column":0},"end":{"line":32,"column":null}},"4":{"start":{"line":9,"column":25},"end":{"line":9,"column":36}},"5":{"start":{"line":10,"column":25},"end":{"line":10,"column":38}},"6":{"start":{"line":14,"column":8},"end":{"line":29,"column":null}},"7":{"start":{"line":16,"column":26},"end":{"line":16,"column":46}},"8":{"start":{"line":17,"column":28},"end":{"line":17,"column":68}},"9":{"start":{"line":19,"column":12},"end":{"line":28,"column":null}},"10":{"start":{"line":20,"column":16},"end":{"line":20,"column":43}},"11":{"start":{"line":21,"column":16},"end":{"line":27,"column":null}},"12":{"start":{"line":22,"column":33},"end":{"line":22,"column":79}},"13":{"start":{"line":23,"column":20},"end":{"line":23,"column":38}},"14":{"start":{"line":24,"column":20},"end":{"line":24,"column":39}},"15":{"start":{"line":30,"column":8},"end":{"line":30,"column":15}},"16":{"start":{"line":7,"column":13},"end":{"line":32,"column":null}},"17":{"start":{"line":7,"column":13},"end":{"line":7,"column":26}}},"fnMap":{"0":{"name":"(anonymous_2)","decl":{"start":{"line":8,"column":4},"end":{"line":8,"column":null}},"loc":{"start":{"line":10,"column":50},"end":{"line":11,"column":7}}},"1":{"name":"(anonymous_3)","decl":{"start":{"line":13,"column":4},"end":{"line":13,"column":9}},"loc":{"start":{"line":13,"column":58},"end":{"line":31,"column":5}}}},"branchMap":{"0":{"loc":{"start":{"line":14,"column":8},"end":{"line":29,"column":null}},"type":"if","locations":[{"start":{"line":14,"column":8},"end":{"line":29,"column":null}},{"start":{"line":14,"column":8},"end":{"line":29,"column":null}}]},"1":{"loc":{"start":{"line":19,"column":12},"end":{"line":28,"column":null}},"type":"if","locations":[{"start":{"line":19,"column":12},"end":{"line":28,"column":null}},{"start":{"line":19,"column":12},"end":{"line":28,"column":null}}]},"2":{"loc":{"start":{"line":19,"column":15},"end":{"line":19,"column":42}},"type":"binary-expr","locations":[{"start":{"line":19,"column":15},"end":{"line":19,"column":42}},{"start":{"line":19,"column":46},"end":{"line":19,"column":74}}]}},"s":{"0":0,"1":0,"2":0,"3":0,"4":0,"5":0,"6":0,"7":0,"8":0,"9":0,"10":0,"11":0,"12":0,"13":0,"14":0,"15":0,"16":0,"17":0},"f":{"0":0,"1":0},"b":{"0":[0,0],"1":[0,0],"2":[0,0]}}
,"D:\\ToyProject\\Study\\uberEatsClone\\nuber-eats-backend\\src\\jwt\\jwt.module.ts": {"path":"D:\\ToyProject\\Study\\uberEatsClone\\nuber-eats-backend\\src\\jwt\\jwt.module.ts","statementMap":{"0":{"start":{"line":1,"column":0},"end":{"line":1,"column":63}},"1":{"start":{"line":2,"column":0},"end":{"line":2,"column":61}},"2":{"start":{"line":4,"column":0},"end":{"line":4,"column":43}},"3":{"start":{"line":9,"column":22},"end":{"line":27,"column":null}},"4":{"start":{"line":11,"column":8},"end":{"line":25,"column":10}},"5":{"start":{"line":9,"column":13},"end":{"line":27,"column":null}},"6":{"start":{"line":9,"column":13},"end":{"line":9,"column":22}}},"fnMap":{"0":{"name":"(anonymous_1)","decl":{"start":{"line":10,"column":4},"end":{"line":10,"column":10}},"loc":{"start":{"line":10,"column":43},"end":{"line":26,"column":5}}}},"branchMap":{},"s":{"0":0,"1":0,"2":0,"3":0,"4":0,"5":0,"6":0},"f":{"0":0},"b":{}}
,"D:\\ToyProject\\Study\\uberEatsClone\\nuber-eats-backend\\src\\jwt\\jwt.service.ts": {"path":"D:\\ToyProject\\Study\\uberEatsClone\\nuber-eats-backend\\src\\jwt\\jwt.service.ts","statementMap":{"0":{"start":{"line":1,"column":0},"end":{"line":1,"column":52}},"1":{"start":{"line":2,"column":0},"end":{"line":2,"column":36}},"2":{"start":{"line":3,"column":0},"end":{"line":3,"column":61}},"3":{"start":{"line":8,"column":0},"end":{"line":22,"column":null}},"4":{"start":{"line":10,"column":49},"end":{"line":10,"column":73}},"5":{"start":{"line":12,"column":8},"end":{"line":12,"column":29}},"6":{"start":{"line":15,"column":8},"end":{"line":16,"column":50}},"7":{"start":{"line":20,"column":8},"end":{"line":20,"column":58}},"8":{"start":{"line":8,"column":13},"end":{"line":22,"column":null}},"9":{"start":{"line":8,"column":13},"end":{"line":8,"column":23}}},"fnMap":{"0":{"name":"(anonymous_4)","decl":{"start":{"line":9,"column":4},"end":{"line":9,"column":null}},"loc":{"start":{"line":10,"column":73},"end":{"line":13,"column":5}}},"1":{"name":"(anonymous_5)","decl":{"start":{"line":14,"column":4},"end":{"line":14,"column":8}},"loc":{"start":{"line":14,"column":22},"end":{"line":17,"column":5}}},"2":{"name":"(anonymous_6)","decl":{"start":{"line":19,"column":4},"end":{"line":19,"column":10}},"loc":{"start":{"line":19,"column":23},"end":{"line":21,"column":5}}}},"branchMap":{},"s":{"0":1,"1":1,"2":1,"3":1,"4":0,"5":0,"6":0,"7":0,"8":1,"9":1},"f":{"0":0,"1":0,"2":0},"b":{}}
,"D:\\ToyProject\\Study\\uberEatsClone\\nuber-eats-backend\\src\\mail\\mail.module.ts": {"path":"D:\\ToyProject\\Study\\uberEatsClone\\nuber-eats-backend\\src\\mail\\mail.module.ts","statementMap":{"0":{"start":{"line":1,"column":0},"end":{"line":1,"column":63}},"1":{"start":{"line":2,"column":0},"end":{"line":2,"column":61}},"2":{"start":{"line":4,"column":0},"end":{"line":4,"column":45}},"3":{"start":{"line":8,"column":23},"end":{"line":27,"column":null}},"4":{"start":{"line":10,"column":8},"end":{"line":25,"column":10}},"5":{"start":{"line":8,"column":13},"end":{"line":27,"column":null}},"6":{"start":{"line":8,"column":13},"end":{"line":8,"column":23}}},"fnMap":{"0":{"name":"(anonymous_1)","decl":{"start":{"line":9,"column":4},"end":{"line":9,"column":10}},"loc":{"start":{"line":9,"column":44},"end":{"line":26,"column":5}}}},"branchMap":{},"s":{"0":0,"1":0,"2":0,"3":0,"4":0,"5":0,"6":0},"f":{"0":0},"b":{}}
,"D:\\ToyProject\\Study\\uberEatsClone\\nuber-eats-backend\\src\\mail\\mail.service.ts": {"path":"D:\\ToyProject\\Study\\uberEatsClone\\nuber-eats-backend\\src\\mail\\mail.service.ts","statementMap":{"0":{"start":{"line":1,"column":0},"end":{"line":1,"column":52}},"1":{"start":{"line":2,"column":0},"end":{"line":2,"column":34}},"2":{"start":{"line":3,"column":0},"end":{"line":3,"column":38}},"3":{"start":{"line":5,"column":0},"end":{"line":5,"column":61}},"4":{"start":{"line":10,"column":0},"end":{"line":49,"column":null}},"5":{"start":{"line":12,"column":49},"end":{"line":12,"column":74}},"6":{"start":{"line":18,"column":7},"end":{"line":18,"column":28}},"7":{"start":{"line":19,"column":20},"end":{"line":19,"column":34}},"8":{"start":{"line":20,"column":7},"end":{"line":20,"column":84}},"9":{"start":{"line":21,"column":7},"end":{"line":21,"column":29}},"10":{"start":{"line":22,"column":7},"end":{"line":22,"column":38}},"11":{"start":{"line":23,"column":7},"end":{"line":23,"column":41}},"12":{"start":{"line":24,"column":7},"end":{"line":24,"column":75}},"13":{"start":{"line":24,"column":33},"end":{"line":24,"column":73}},"14":{"start":{"line":25,"column":4},"end":{"line":37,"column":null}},"15":{"start":{"line":26,"column":8},"end":{"line":34,"column":10}},"16":{"start":{"line":36,"column":8},"end":{"line":36,"column":27}},"17":{"start":{"line":44,"column":8},"end":{"line":47,"column":11}},"18":{"start":{"line":10,"column":13},"end":{"line":49,"column":null}},"19":{"start":{"line":10,"column":13},"end":{"line":10,"column":24}}},"fnMap":{"0":{"name":"(anonymous_4)","decl":{"start":{"line":11,"column":4},"end":{"line":11,"column":null}},"loc":{"start":{"line":12,"column":74},"end":{"line":15,"column":5}}},"1":{"name":"(anonymous_5)","decl":{"start":{"line":17,"column":11},"end":{"line":17,"column":16}},"loc":{"start":{"line":17,"column":107},"end":{"line":41,"column":4}}},"2":{"name":"(anonymous_6)","decl":{"start":{"line":24,"column":25},"end":{"line":24,"column":29}},"loc":{"start":{"line":24,"column":33},"end":{"line":24,"column":73}}},"3":{"name":"(anonymous_7)","decl":{"start":{"line":43,"column":3},"end":{"line":43,"column":24}},"loc":{"start":{"line":43,"column":50},"end":{"line":48,"column":4}}}},"branchMap":{},"s":{"0":1,"1":1,"2":1,"3":1,"4":1,"5":0,"6":0,"7":0,"8":0,"9":0,"10":0,"11":0,"12":0,"13":0,"14":0,"15":0,"16":0,"17":0,"18":1,"19":1},"f":{"0":0,"1":0,"2":0,"3":0},"b":{}}
,"D:\\ToyProject\\Study\\uberEatsClone\\nuber-eats-backend\\src\\restaurants\\restaurants.module.ts": {"path":"D:\\ToyProject\\Study\\uberEatsClone\\nuber-eats-backend\\src\\restaurants\\restaurants.module.ts","statementMap":{"0":{"start":{"line":1,"column":0},"end":{"line":1,"column":40}},"1":{"start":{"line":2,"column":0},"end":{"line":2,"column":48}},"2":{"start":{"line":3,"column":0},"end":{"line":3,"column":58}},"3":{"start":{"line":4,"column":0},"end":{"line":4,"column":67}},"4":{"start":{"line":5,"column":0},"end":{"line":5,"column":61}},"5":{"start":{"line":11,"column":0},"end":{"line":11,"column":null}},"6":{"start":{"line":11,"column":13},"end":{"line":11,"column":null}},"7":{"start":{"line":11,"column":13},"end":{"line":11,"column":30}}},"fnMap":{},"branchMap":{},"s":{"0":0,"1":0,"2":0,"3":0,"4":0,"5":0,"6":0,"7":0},"f":{},"b":{}}
,"D:\\ToyProject\\Study\\uberEatsClone\\nuber-eats-backend\\src\\restaurants\\restaurants.resolver.ts": {"path":"D:\\ToyProject\\Study\\uberEatsClone\\nuber-eats-backend\\src\\restaurants\\restaurants.resolver.ts","statementMap":{"0":{"start":{"line":1,"column":0},"end":{"line":1,"column":65}},"1":{"start":{"line":3,"column":0},"end":{"line":3,"column":67}},"2":{"start":{"line":4,"column":0},"end":{"line":4,"column":66}},"3":{"start":{"line":5,"column":0},"end":{"line":5,"column":58}},"4":{"start":{"line":6,"column":0},"end":{"line":6,"column":67}},"5":{"start":{"line":9,"column":0},"end":{"line":41,"column":null}},"6":{"start":{"line":11,"column":33},"end":{"line":11,"column":52}},"7":{"start":{"line":14,"column":8},"end":{"line":14,"column":46}},"8":{"start":{"line":20,"column":8},"end":{"line":20,"column":41}},"9":{"start":{"line":21,"column":8},"end":{"line":27,"column":null}},"10":{"start":{"line":22,"column":12},"end":{"line":22,"column":78}},"11":{"start":{"line":23,"column":12},"end":{"line":23,"column":24}},"12":{"start":{"line":25,"column":12},"end":{"line":25,"column":27}},"13":{"start":{"line":26,"column":12},"end":{"line":26,"column":25}},"14":{"start":{"line":33,"column":8},"end":{"line":39,"column":null}},"15":{"start":{"line":34,"column":12},"end":{"line":34,"column":77}},"16":{"start":{"line":35,"column":12},"end":{"line":35,"column":24}},"17":{"start":{"line":37,"column":12},"end":{"line":37,"column":27}},"18":{"start":{"line":38,"column":12},"end":{"line":38,"column":25}},"19":{"start":{"line":13,"column":4},"end":{"line":15,"column":null}},"20":{"start":{"line":12,"column":22},"end":{"line":12,"column":34}},"21":{"start":{"line":17,"column":4},"end":{"line":28,"column":null}},"22":{"start":{"line":16,"column":25},"end":{"line":16,"column":32}},"23":{"start":{"line":30,"column":4},"end":{"line":40,"column":null}},"24":{"start":{"line":29,"column":25},"end":{"line":29,"column":32}},"25":{"start":{"line":9,"column":13},"end":{"line":41,"column":null}},"26":{"start":{"line":8,"column":16},"end":{"line":8,"column":26}},"27":{"start":{"line":9,"column":13},"end":{"line":9,"column":32}}},"fnMap":{"0":{"name":"(anonymous_4)","decl":{"start":{"line":11,"column":4},"end":{"line":11,"column":33}},"loc":{"start":{"line":11,"column":69},"end":{"line":11,"column":72}}},"1":{"name":"(anonymous_5)","decl":{"start":{"line":13,"column":4},"end":{"line":13,"column":15}},"loc":{"start":{"line":13,"column":15},"end":{"line":15,"column":5}}},"2":{"name":"(anonymous_6)","decl":{"start":{"line":17,"column":4},"end":{"line":17,"column":9}},"loc":{"start":{"line":18,"column":63},"end":{"line":28,"column":5}}},"3":{"name":"(anonymous_7)","decl":{"start":{"line":30,"column":4},"end":{"line":30,"column":9}},"loc":{"start":{"line":31,"column":54},"end":{"line":40,"column":5}}},"4":{"name":"(anonymous_8)","decl":{"start":{"line":12,"column":11},"end":{"line":12,"column":18}},"loc":{"start":{"line":12,"column":22},"end":{"line":12,"column":34}}},"5":{"name":"(anonymous_9)","decl":{"start":{"line":16,"column":14},"end":{"line":16,"column":21}},"loc":{"start":{"line":16,"column":25},"end":{"line":16,"column":32}}},"6":{"name":"(anonymous_10)","decl":{"start":{"line":29,"column":14},"end":{"line":29,"column":21}},"loc":{"start":{"line":29,"column":25},"end":{"line":29,"column":32}}},"7":{"name":"(anonymous_11)","decl":{"start":{"line":8,"column":10},"end":{"line":8,"column":12}},"loc":{"start":{"line":8,"column":16},"end":{"line":8,"column":26}}}},"branchMap":{},"s":{"0":0,"1":0,"2":0,"3":0,"4":0,"5":0,"6":0,"7":0,"8":0,"9":0,"10":0,"11":0,"12":0,"13":0,"14":0,"15":0,"16":0,"17":0,"18":0,"19":0,"20":0,"21":0,"22":0,"23":0,"24":0,"25":0,"26":0,"27":0},"f":{"0":0,"1":0,"2":0,"3":0,"4":0,"5":0,"6":0,"7":0},"b":{}}
,"D:\\ToyProject\\Study\\uberEatsClone\\nuber-eats-backend\\src\\restaurants\\dtos\\create-restaurant.dto.ts": {"path":"D:\\ToyProject\\Study\\uberEatsClone\\nuber-eats-backend\\src\\restaurants\\dtos\\create-restaurant.dto.ts","statementMap":{"0":{"start":{"line":1,"column":0},"end":{"line":1,"column":54}},"1":{"start":{"line":3,"column":0},"end":{"line":3,"column":59}},"2":{"start":{"line":6,"column":0},"end":{"line":6,"column":null}},"3":{"start":{"line":6,"column":13},"end":{"line":6,"column":null}},"4":{"start":{"line":6,"column":13},"end":{"line":6,"column":32}}},"fnMap":{},"branchMap":{},"s":{"0":0,"1":0,"2":0,"3":0,"4":0},"f":{},"b":{}}
,"D:\\ToyProject\\Study\\uberEatsClone\\nuber-eats-backend\\src\\restaurants\\dtos\\update-restaurant.dto.ts": {"path":"D:\\ToyProject\\Study\\uberEatsClone\\nuber-eats-backend\\src\\restaurants\\dtos\\update-restaurant.dto.ts","statementMap":{"0":{"start":{"line":1,"column":0},"end":{"line":1,"column":73}},"1":{"start":{"line":2,"column":0},"end":{"line":2,"column":62}},"2":{"start":{"line":5,"column":0},"end":{"line":5,"column":null}},"3":{"start":{"line":5,"column":13},"end":{"line":5,"column":null}},"4":{"start":{"line":5,"column":13},"end":{"line":5,"column":37}},"5":{"start":{"line":8,"column":0},"end":{"line":14,"column":null}},"6":{"start":{"line":10,"column":4},"end":{"line":10,"column":null}},"7":{"start":{"line":9,"column":19},"end":{"line":9,"column":25}},"8":{"start":{"line":13,"column":4},"end":{"line":13,"column":null}},"9":{"start":{"line":12,"column":19},"end":{"line":12,"column":43}},"10":{"start":{"line":8,"column":13},"end":{"line":14,"column":null}},"11":{"start":{"line":8,"column":13},"end":{"line":8,"column":31}}},"fnMap":{"0":{"name":"(anonymous_2)","decl":{"start":{"line":9,"column":11},"end":{"line":9,"column":15}},"loc":{"start":{"line":9,"column":19},"end":{"line":9,"column":25}}},"1":{"name":"(anonymous_3)","decl":{"start":{"line":12,"column":11},"end":{"line":12,"column":15}},"loc":{"start":{"line":12,"column":19},"end":{"line":12,"column":43}}}},"branchMap":{},"s":{"0":0,"1":0,"2":0,"3":0,"4":0,"5":0,"6":0,"7":0,"8":0,"9":0,"10":0,"11":0},"f":{"0":0,"1":0},"b":{}}
,"D:\\ToyProject\\Study\\uberEatsClone\\nuber-eats-backend\\src\\restaurants\\entities\\restaurants.service.ts": {"path":"D:\\ToyProject\\Study\\uberEatsClone\\nuber-eats-backend\\src\\restaurants\\entities\\restaurants.service.ts","statementMap":{"0":{"start":{"line":1,"column":0},"end":{"line":1,"column":44}},"1":{"start":{"line":2,"column":0},"end":{"line":2,"column":51}},"2":{"start":{"line":3,"column":0},"end":{"line":3,"column":37}},"3":{"start":{"line":6,"column":0},"end":{"line":6,"column":49}},"4":{"start":{"line":9,"column":0},"end":{"line":26,"column":null}},"5":{"start":{"line":12,"column":25},"end":{"line":12,"column":38}},"6":{"start":{"line":15,"column":7},"end":{"line":15,"column":38}},"7":{"start":{"line":18,"column":30},"end":{"line":18,"column":74}},"8":{"start":{"line":19,"column":8},"end":{"line":19,"column":52}},"9":{"start":{"line":24,"column":7},"end":{"line":24,"column":52}},"10":{"start":{"line":9,"column":13},"end":{"line":26,"column":null}},"11":{"start":{"line":9,"column":13},"end":{"line":9,"column":30}}},"fnMap":{"0":{"name":"(anonymous_4)","decl":{"start":{"line":10,"column":4},"end":{"line":10,"column":null}},"loc":{"start":{"line":12,"column":60},"end":{"line":13,"column":8}}},"1":{"name":"(anonymous_5)","decl":{"start":{"line":14,"column":4},"end":{"line":14,"column":10}},"loc":{"start":{"line":14,"column":10},"end":{"line":16,"column":5}}},"2":{"name":"(anonymous_6)","decl":{"start":{"line":17,"column":4},"end":{"line":17,"column":20}},"loc":{"start":{"line":17,"column":62},"end":{"line":21,"column":5}}},"3":{"name":"(anonymous_7)","decl":{"start":{"line":23,"column":4},"end":{"line":23,"column":20}},"loc":{"start":{"line":23,"column":49},"end":{"line":25,"column":5}}}},"branchMap":{},"s":{"0":0,"1":0,"2":0,"3":0,"4":0,"5":0,"6":0,"7":0,"8":0,"9":0,"10":0,"11":0},"f":{"0":0,"1":0,"2":0,"3":0},"b":{}}
,"D:\\ToyProject\\Study\\uberEatsClone\\nuber-eats-backend\\src\\users\\users.module.ts": {"path":"D:\\ToyProject\\Study\\uberEatsClone\\nuber-eats-backend\\src\\users\\users.module.ts","statementMap":{"0":{"start":{"line":1,"column":0},"end":{"line":1,"column":40}},"1":{"start":{"line":3,"column":0},"end":{"line":3,"column":48}},"2":{"start":{"line":5,"column":0},"end":{"line":5,"column":46}},"3":{"start":{"line":6,"column":0},"end":{"line":6,"column":62}},"4":{"start":{"line":7,"column":0},"end":{"line":7,"column":49}},"5":{"start":{"line":8,"column":0},"end":{"line":8,"column":47}},"6":{"start":{"line":15,"column":0},"end":{"line":15,"column":null}},"7":{"start":{"line":15,"column":13},"end":{"line":15,"column":null}},"8":{"start":{"line":15,"column":13},"end":{"line":15,"column":24}}},"fnMap":{},"branchMap":{},"s":{"0":0,"1":0,"2":0,"3":0,"4":0,"5":0,"6":0,"7":0,"8":0},"f":{},"b":{}}
,"D:\\ToyProject\\Study\\uberEatsClone\\nuber-eats-backend\\src\\users\\users.resolver.ts": {"path":"D:\\ToyProject\\Study\\uberEatsClone\\nuber-eats-backend\\src\\users\\users.resolver.ts","statementMap":{"0":{"start":{"line":1,"column":0},"end":{"line":1,"column":43}},"1":{"start":{"line":2,"column":0},"end":{"line":2,"column":75}},"2":{"start":{"line":3,"column":0},"end":{"line":3,"column":56}},"3":{"start":{"line":4,"column":0},"end":{"line":4,"column":48}},"4":{"start":{"line":5,"column":0},"end":{"line":5,"column":84}},"5":{"start":{"line":6,"column":0},"end":{"line":6,"column":59}},"6":{"start":{"line":7,"column":0},"end":{"line":7,"column":46}},"7":{"start":{"line":8,"column":0},"end":{"line":8,"column":47}},"8":{"start":{"line":9,"column":0},"end":{"line":9,"column":78}},"9":{"start":{"line":10,"column":0},"end":{"line":10,"column":78}},"10":{"start":{"line":11,"column":0},"end":{"line":11,"column":78}},"11":{"start":{"line":14,"column":0},"end":{"line":118,"column":null}},"12":{"start":{"line":16,"column":25},"end":{"line":16,"column":40}},"13":{"start":{"line":21,"column":8},"end":{"line":21,"column":20}},"14":{"start":{"line":26,"column":8},"end":{"line":34,"column":null}},"15":{"start":{"line":27,"column":12},"end":{"line":27,"column":71}},"16":{"start":{"line":30,"column":12},"end":{"line":33,"column":14}},"17":{"start":{"line":39,"column":8},"end":{"line":46,"column":null}},"18":{"start":{"line":40,"column":11},"end":{"line":40,"column":null}},"19":{"start":{"line":42,"column":12},"end":{"line":45,"column":14}},"20":{"start":{"line":52,"column":8},"end":{"line":52,"column":24}},"21":{"start":{"line":58,"column":8},"end":{"line":75,"column":null}},"22":{"start":{"line":60,"column":25},"end":{"line":60,"column":82}},"23":{"start":{"line":61,"column":12},"end":{"line":64,"column":null}},"24":{"start":{"line":63,"column":16},"end":{"line":63,"column":30}},"25":{"start":{"line":65,"column":12},"end":{"line":68,"column":14}},"26":{"start":{"line":71,"column":12},"end":{"line":74,"column":null}},"27":{"start":{"line":84,"column":8},"end":{"line":96,"column":null}},"28":{"start":{"line":85,"column":12},"end":{"line":85,"column":79}},"29":{"start":{"line":86,"column":12},"end":{"line":88,"column":null}},"30":{"start":{"line":92,"column":12},"end":{"line":95,"column":null}},"31":{"start":{"line":103,"column":8},"end":{"line":116,"column":null}},"32":{"start":{"line":105,"column":12},"end":{"line":105,"column":54}},"33":{"start":{"line":106,"column":12},"end":{"line":108,"column":14}},"34":{"start":{"line":112,"column":12},"end":{"line":115,"column":null}},"35":{"start":{"line":20,"column":4},"end":{"line":22,"column":null}},"36":{"start":{"line":19,"column":22},"end":{"line":19,"column":29}},"37":{"start":{"line":25,"column":4},"end":{"line":35,"column":null}},"38":{"start":{"line":24,"column":25},"end":{"line":24,"column":44}},"39":{"start":{"line":38,"column":4},"end":{"line":47,"column":null}},"40":{"start":{"line":37,"column":25},"end":{"line":37,"column":36}},"41":{"start":{"line":51,"column":4},"end":{"line":53,"column":null}},"42":{"start":{"line":49,"column":22},"end":{"line":49,"column":26}},"43":{"start":{"line":57,"column":4},"end":{"line":76,"column":null}},"44":{"start":{"line":56,"column":22},"end":{"line":56,"column":39}},"45":{"start":{"line":81,"column":4},"end":{"line":97,"column":null}},"46":{"start":{"line":79,"column":25},"end":{"line":79,"column":42}},"47":{"start":{"line":100,"column":4},"end":{"line":117,"column":null}},"48":{"start":{"line":99,"column":25},"end":{"line":99,"column":42}},"49":{"start":{"line":14,"column":13},"end":{"line":118,"column":null}},"50":{"start":{"line":13,"column":16},"end":{"line":13,"column":20}},"51":{"start":{"line":14,"column":13},"end":{"line":14,"column":26}}},"fnMap":{"0":{"name":"(anonymous_4)","decl":{"start":{"line":15,"column":4},"end":{"line":15,"column":null}},"loc":{"start":{"line":16,"column":52},"end":{"line":17,"column":8}}},"1":{"name":"(anonymous_5)","decl":{"start":{"line":20,"column":4},"end":{"line":20,"column":6}},"loc":{"start":{"line":20,"column":6},"end":{"line":22,"column":5}}},"2":{"name":"(anonymous_6)","decl":{"start":{"line":25,"column":4},"end":{"line":25,"column":9}},"loc":{"start":{"line":25,"column":76},"end":{"line":35,"column":5}}},"3":{"name":"(anonymous_7)","decl":{"start":{"line":38,"column":4},"end":{"line":38,"column":9}},"loc":{"start":{"line":38,"column":52},"end":{"line":47,"column":5}}},"4":{"name":"(anonymous_8)","decl":{"start":{"line":51,"column":4},"end":{"line":51,"column":6}},"loc":{"start":{"line":51,"column":32},"end":{"line":53,"column":5}}},"5":{"name":"(anonymous_9)","decl":{"start":{"line":57,"column":4},"end":{"line":57,"column":9}},"loc":{"start":{"line":57,"column":63},"end":{"line":76,"column":5}}},"6":{"name":"(anonymous_10)","decl":{"start":{"line":81,"column":4},"end":{"line":81,"column":9}},"loc":{"start":{"line":81,"column":98},"end":{"line":97,"column":5}}},"7":{"name":"(anonymous_11)","decl":{"start":{"line":100,"column":4},"end":{"line":100,"column":9}},"loc":{"start":{"line":100,"column":62},"end":{"line":117,"column":5}}},"8":{"name":"(anonymous_12)","decl":{"start":{"line":19,"column":11},"end":{"line":19,"column":18}},"loc":{"start":{"line":19,"column":22},"end":{"line":19,"column":29}}},"9":{"name":"(anonymous_13)","decl":{"start":{"line":24,"column":14},"end":{"line":24,"column":21}},"loc":{"start":{"line":24,"column":25},"end":{"line":24,"column":44}}},"10":{"name":"(anonymous_14)","decl":{"start":{"line":37,"column":14},"end":{"line":37,"column":21}},"loc":{"start":{"line":37,"column":25},"end":{"line":37,"column":36}}},"11":{"name":"(anonymous_15)","decl":{"start":{"line":49,"column":11},"end":{"line":49,"column":18}},"loc":{"start":{"line":49,"column":22},"end":{"line":49,"column":26}}},"12":{"name":"(anonymous_16)","decl":{"start":{"line":56,"column":11},"end":{"line":56,"column":18}},"loc":{"start":{"line":56,"column":22},"end":{"line":56,"column":39}}},"13":{"name":"(anonymous_17)","decl":{"start":{"line":79,"column":14},"end":{"line":79,"column":21}},"loc":{"start":{"line":79,"column":25},"end":{"line":79,"column":42}}},"14":{"name":"(anonymous_18)","decl":{"start":{"line":99,"column":14},"end":{"line":99,"column":21}},"loc":{"start":{"line":99,"column":25},"end":{"line":99,"column":42}}},"15":{"name":"(anonymous_19)","decl":{"start":{"line":13,"column":10},"end":{"line":13,"column":12}},"loc":{"start":{"line":13,"column":16},"end":{"line":13,"column":20}}}},"branchMap":{"0":{"loc":{"start":{"line":61,"column":12},"end":{"line":64,"column":null}},"type":"if","locations":[{"start":{"line":61,"column":12},"end":{"line":64,"column":null}},{"start":{"line":61,"column":12},"end":{"line":64,"column":null}}]}},"s":{"0":0,"1":0,"2":0,"3":0,"4":0,"5":0,"6":0,"7":0,"8":0,"9":0,"10":0,"11":0,"12":0,"13":0,"14":0,"15":0,"16":0,"17":0,"18":0,"19":0,"20":0,"21":0,"22":0,"23":0,"24":0,"25":0,"26":0,"27":0,"28":0,"29":0,"30":0,"31":0,"32":0,"33":0,"34":0,"35":0,"36":0,"37":0,"38":0,"39":0,"40":0,"41":0,"42":0,"43":0,"44":0,"45":0,"46":0,"47":0,"48":0,"49":0,"50":0,"51":0},"f":{"0":0,"1":0,"2":0,"3":0,"4":0,"5":0,"6":0,"7":0,"8":0,"9":0,"10":0,"11":0,"12":0,"13":0,"14":0,"15":0},"b":{"0":[0,0]}}
,"D:\\ToyProject\\Study\\uberEatsClone\\nuber-eats-backend\\src\\users\\users.service.ts": {"path":"D:\\ToyProject\\Study\\uberEatsClone\\nuber-eats-backend\\src\\users\\users.service.ts","statementMap":{"0":{"start":{"line":1,"column":0},"end":{"line":1,"column":44}},"1":{"start":{"line":2,"column":0},"end":{"line":2,"column":51}},"2":{"start":{"line":3,"column":0},"end":{"line":3,"column":37}},"3":{"start":{"line":7,"column":0},"end":{"line":7,"column":46}},"4":{"start":{"line":9,"column":0},"end":{"line":9,"column":49}},"5":{"start":{"line":11,"column":0},"end":{"line":11,"column":62}},"6":{"start":{"line":12,"column":0},"end":{"line":12,"column":52}},"7":{"start":{"line":18,"column":0},"end":{"line":166,"column":null}},"8":{"start":{"line":21,"column":25},"end":{"line":21,"column":31}},"9":{"start":{"line":23,"column":25},"end":{"line":23,"column":39}},"10":{"start":{"line":25,"column":25},"end":{"line":25,"column":38}},"11":{"start":{"line":26,"column":25},"end":{"line":26,"column":39}},"12":{"start":{"line":32,"column":8},"end":{"line":58,"column":null}},"13":{"start":{"line":33,"column":27},"end":{"line":33,"column":62}},"14":{"start":{"line":34,"column":12},"end":{"line":34,"column":32}},"15":{"start":{"line":35,"column":12},"end":{"line":37,"column":null}},"16":{"start":{"line":36,"column":16},"end":{"line":36,"column":82}},"17":{"start":{"line":39,"column":25},"end":{"line":45,"column":null}},"18":{"start":{"line":48,"column":37},"end":{"line":50,"column":null}},"19":{"start":{"line":52,"column":12},"end":{"line":52,"column":82}},"20":{"start":{"line":54,"column":12},"end":{"line":54,"column":29}},"21":{"start":{"line":57,"column":12},"end":{"line":57,"column":62}},"22":{"start":{"line":68,"column":8},"end":{"line":102,"column":null}},"23":{"start":{"line":70,"column":25},"end":{"line":72,"column":null}},"24":{"start":{"line":74,"column":12},"end":{"line":79,"column":null}},"25":{"start":{"line":75,"column":16},"end":{"line":78,"column":18}},"26":{"start":{"line":81,"column":36},"end":{"line":81,"column":70}},"27":{"start":{"line":82,"column":12},"end":{"line":87,"column":null}},"28":{"start":{"line":83,"column":16},"end":{"line":86,"column":18}},"29":{"start":{"line":88,"column":12},"end":{"line":88,"column":30}},"30":{"start":{"line":89,"column":26},"end":{"line":89,"column":55}},"31":{"start":{"line":91,"column":12},"end":{"line":94,"column":14}},"32":{"start":{"line":98,"column":12},"end":{"line":101,"column":null}},"33":{"start":{"line":106,"column":8},"end":{"line":114,"column":null}},"34":{"start":{"line":107,"column":25},"end":{"line":107,"column":61}},"35":{"start":{"line":108,"column":12},"end":{"line":111,"column":14}},"36":{"start":{"line":113,"column":12},"end":{"line":113,"column":58}},"37":{"start":{"line":119,"column":8},"end":{"line":140,"column":null}},"38":{"start":{"line":120,"column":25},"end":{"line":120,"column":57}},"39":{"start":{"line":121,"column":12},"end":{"line":127,"column":null}},"40":{"start":{"line":122,"column":16},"end":{"line":122,"column":35}},"41":{"start":{"line":123,"column":16},"end":{"line":123,"column":38}},"42":{"start":{"line":124,"column":37},"end":{"line":124,"column":101}},"43":{"start":{"line":125,"column":16},"end":{"line":125,"column":86}},"44":{"start":{"line":129,"column":12},"end":{"line":131,"column":null}},"45":{"start":{"line":130,"column":16},"end":{"line":130,"column":null}},"46":{"start":{"line":133,"column":12},"end":{"line":133,"column":40}},"47":{"start":{"line":134,"column":12},"end":{"line":136,"column":14}},"48":{"start":{"line":139,"column":12},"end":{"line":139,"column":46}},"49":{"start":{"line":147,"column":8},"end":{"line":163,"column":null}},"50":{"start":{"line":148,"column":33},"end":{"line":150,"column":null}},"51":{"start":{"line":153,"column":12},"end":{"line":158,"column":null}},"52":{"start":{"line":154,"column":16},"end":{"line":154,"column":50}},"53":{"start":{"line":155,"column":16},"end":{"line":155,"column":57}},"54":{"start":{"line":156,"column":16},"end":{"line":156,"column":65}},"55":{"start":{"line":157,"column":16},"end":{"line":157,"column":33}},"56":{"start":{"line":159,"column":12},"end":{"line":159,"column":64}},"57":{"start":{"line":162,"column":12},"end":{"line":162,"column":62}},"58":{"start":{"line":18,"column":13},"end":{"line":166,"column":null}},"59":{"start":{"line":18,"column":13},"end":{"line":18,"column":25}}},"fnMap":{"0":{"name":"(anonymous_4)","decl":{"start":{"line":19,"column":4},"end":{"line":19,"column":null}},"loc":{"start":{"line":26,"column":50},"end":{"line":29,"column":5}}},"1":{"name":"(anonymous_5)","decl":{"start":{"line":31,"column":4},"end":{"line":31,"column":9}},"loc":{"start":{"line":31,"column":66},"end":{"line":62,"column":5}}},"2":{"name":"(anonymous_6)","decl":{"start":{"line":64,"column":4},"end":{"line":64,"column":9}},"loc":{"start":{"line":64,"column":44},"end":{"line":103,"column":5}}},"3":{"name":"(anonymous_7)","decl":{"start":{"line":105,"column":4},"end":{"line":105,"column":9}},"loc":{"start":{"line":105,"column":28},"end":{"line":115,"column":5}}},"4":{"name":"(anonymous_8)","decl":{"start":{"line":117,"column":4},"end":{"line":117,"column":9}},"loc":{"start":{"line":117,"column":72},"end":{"line":144,"column":5}}},"5":{"name":"(anonymous_9)","decl":{"start":{"line":146,"column":4},"end":{"line":146,"column":9}},"loc":{"start":{"line":146,"column":33},"end":{"line":165,"column":5}}}},"branchMap":{"0":{"loc":{"start":{"line":35,"column":12},"end":{"line":37,"column":null}},"type":"if","locations":[{"start":{"line":35,"column":12},"end":{"line":37,"column":null}},{"start":{"line":35,"column":12},"end":{"line":37,"column":null}}]},"1":{"loc":{"start":{"line":74,"column":12},"end":{"line":79,"column":null}},"type":"if","locations":[{"start":{"line":74,"column":12},"end":{"line":79,"column":null}},{"start":{"line":74,"column":12},"end":{"line":79,"column":null}}]},"2":{"loc":{"start":{"line":82,"column":12},"end":{"line":87,"column":null}},"type":"if","locations":[{"start":{"line":82,"column":12},"end":{"line":87,"column":null}},{"start":{"line":82,"column":12},"end":{"line":87,"column":null}}]},"3":{"loc":{"start":{"line":121,"column":12},"end":{"line":127,"column":null}},"type":"if","locations":[{"start":{"line":121,"column":12},"end":{"line":127,"column":null}},{"start":{"line":121,"column":12},"end":{"line":127,"column":null}}]},"4":{"loc":{"start":{"line":129,"column":12},"end":{"line":131,"column":null}},"type":"if","locations":[{"start":{"line":129,"column":12},"end":{"line":131,"column":null}},{"start":{"line":129,"column":12},"end":{"line":131,"column":null}}]},"5":{"loc":{"start":{"line":153,"column":12},"end":{"line":158,"column":null}},"type":"if","locations":[{"start":{"line":153,"column":12},"end":{"line":158,"column":null}},{"start":{"line":153,"column":12},"end":{"line":158,"column":null}}]}},"s":{"0":1,"1":1,"2":1,"3":1,"4":1,"5":1,"6":1,"7":1,"8":15,"9":15,"10":15,"11":15,"12":3,"13":3,"14":2,"15":2,"16":1,"17":1,"18":1,"19":1,"20":1,"21":1,"22":3,"23":3,"24":3,"25":1,"26":2,"27":2,"28":1,"29":1,"30":1,"31":1,"32":0,"33":2,"34":2,"35":1,"36":1,"37":3,"38":3,"39":2,"40":1,"41":1,"42":1,"43":1,"44":2,"45":1,"46":2,"47":2,"48":1,"49":3,"50":3,"51":2,"52":1,"53":1,"54":1,"55":1,"56":1,"57":1,"58":1,"59":1},"f":{"0":15,"1":3,"2":3,"3":2,"4":3,"5":3},"b":{"0":[1,1],"1":[1,2],"2":[1,1],"3":[1,1],"4":[1,1],"5":[1,1]}}
,"D:\\ToyProject\\Study\\uberEatsClone\\nuber-eats-backend\\src\\users\\dtos\\create-account.dto.ts": {"path":"D:\\ToyProject\\Study\\uberEatsClone\\nuber-eats-backend\\src\\users\\dtos\\create-account.dto.ts","statementMap":{"0":{"start":{"line":1,"column":0},"end":{"line":1,"column":73}},"1":{"start":{"line":2,"column":0},"end":{"line":2,"column":56}},"2":{"start":{"line":3,"column":0},"end":{"line":3,"column":47}},"3":{"start":{"line":6,"column":0},"end":{"line":10,"column":null}},"4":{"start":{"line":6,"column":13},"end":{"line":10,"column":null}},"5":{"start":{"line":6,"column":13},"end":{"line":6,"column":31}},"6":{"start":{"line":13,"column":0},"end":{"line":13,"column":null}},"7":{"start":{"line":13,"column":13},"end":{"line":13,"column":null}},"8":{"start":{"line":13,"column":13},"end":{"line":13,"column":32}}},"fnMap":{},"branchMap":{},"s":{"0":0,"1":0,"2":0,"3":0,"4":0,"5":0,"6":0,"7":0,"8":0},"f":{},"b":{}}
,"D:\\ToyProject\\Study\\uberEatsClone\\nuber-eats-backend\\src\\users\\dtos\\edit-profile.dto.ts": {"path":"D:\\ToyProject\\Study\\uberEatsClone\\nuber-eats-backend\\src\\users\\dtos\\edit-profile.dto.ts","statementMap":{"0":{"start":{"line":1,"column":0},"end":{"line":1,"column":79}},"1":{"start":{"line":2,"column":0},"end":{"line":2,"column":56}},"2":{"start":{"line":3,"column":0},"end":{"line":3,"column":47}},"3":{"start":{"line":6,"column":0},"end":{"line":8,"column":null}},"4":{"start":{"line":6,"column":13},"end":{"line":8,"column":null}},"5":{"start":{"line":6,"column":13},"end":{"line":6,"column":30}},"6":{"start":{"line":11,"column":0},"end":{"line":13,"column":null}},"7":{"start":{"line":11,"column":13},"end":{"line":13,"column":null}},"8":{"start":{"line":11,"column":13},"end":{"line":11,"column":29}}},"fnMap":{},"branchMap":{},"s":{"0":0,"1":0,"2":0,"3":0,"4":0,"5":0,"6":0,"7":0,"8":0},"f":{},"b":{}}
,"D:\\ToyProject\\Study\\uberEatsClone\\nuber-eats-backend\\src\\users\\dtos\\login-dto.ts": {"path":"D:\\ToyProject\\Study\\uberEatsClone\\nuber-eats-backend\\src\\users\\dtos\\login-dto.ts","statementMap":{"0":{"start":{"line":1,"column":0},"end":{"line":1,"column":73}},"1":{"start":{"line":2,"column":0},"end":{"line":2,"column":56}},"2":{"start":{"line":3,"column":0},"end":{"line":3,"column":47}},"3":{"start":{"line":6,"column":0},"end":{"line":6,"column":null}},"4":{"start":{"line":6,"column":13},"end":{"line":6,"column":null}},"5":{"start":{"line":6,"column":13},"end":{"line":6,"column":23}},"6":{"start":{"line":8,"column":0},"end":{"line":11,"column":null}},"7":{"start":{"line":10,"column":4},"end":{"line":10,"column":null}},"8":{"start":{"line":9,"column":19},"end":{"line":9,"column":25}},"9":{"start":{"line":8,"column":13},"end":{"line":11,"column":null}},"10":{"start":{"line":8,"column":13},"end":{"line":8,"column":24}}},"fnMap":{"0":{"name":"(anonymous_2)","decl":{"start":{"line":9,"column":11},"end":{"line":9,"column":15}},"loc":{"start":{"line":9,"column":19},"end":{"line":9,"column":25}}}},"branchMap":{},"s":{"0":0,"1":0,"2":0,"3":0,"4":0,"5":0,"6":0,"7":0,"8":0,"9":0,"10":0},"f":{"0":0},"b":{}}
,"D:\\ToyProject\\Study\\uberEatsClone\\nuber-eats-backend\\src\\users\\dtos\\user-profile.dto.ts": {"path":"D:\\ToyProject\\Study\\uberEatsClone\\nuber-eats-backend\\src\\users\\dtos\\user-profile.dto.ts","statementMap":{"0":{"start":{"line":1,"column":0},"end":{"line":1,"column":62}},"1":{"start":{"line":2,"column":0},"end":{"line":2,"column":56}},"2":{"start":{"line":3,"column":0},"end":{"line":3,"column":47}},"3":{"start":{"line":6,"column":0},"end":{"line":9,"column":null}},"4":{"start":{"line":8,"column":4},"end":{"line":8,"column":null}},"5":{"start":{"line":7,"column":19},"end":{"line":7,"column":25}},"6":{"start":{"line":6,"column":13},"end":{"line":9,"column":null}},"7":{"start":{"line":6,"column":13},"end":{"line":6,"column":29}},"8":{"start":{"line":13,"column":0},"end":{"line":16,"column":null}},"9":{"start":{"line":15,"column":4},"end":{"line":15,"column":null}},"10":{"start":{"line":14,"column":19},"end":{"line":14,"column":23}},"11":{"start":{"line":13,"column":13},"end":{"line":16,"column":null}},"12":{"start":{"line":13,"column":13},"end":{"line":13,"column":30}}},"fnMap":{"0":{"name":"(anonymous_2)","decl":{"start":{"line":7,"column":11},"end":{"line":7,"column":15}},"loc":{"start":{"line":7,"column":19},"end":{"line":7,"column":25}}},"1":{"name":"(anonymous_3)","decl":{"start":{"line":14,"column":11},"end":{"line":14,"column":15}},"loc":{"start":{"line":14,"column":19},"end":{"line":14,"column":23}}}},"branchMap":{},"s":{"0":0,"1":0,"2":0,"3":0,"4":0,"5":0,"6":0,"7":0,"8":0,"9":0,"10":0,"11":0,"12":0},"f":{"0":0,"1":0},"b":{}}
,"D:\\ToyProject\\Study\\uberEatsClone\\nuber-eats-backend\\src\\users\\dtos\\verify-email.dto.ts": {"path":"D:\\ToyProject\\Study\\uberEatsClone\\nuber-eats-backend\\src\\users\\dtos\\verify-email.dto.ts","statementMap":{"0":{"start":{"line":1,"column":0},"end":{"line":1,"column":66}},"1":{"start":{"line":2,"column":0},"end":{"line":2,"column":56}},"2":{"start":{"line":3,"column":0},"end":{"line":3,"column":63}},"3":{"start":{"line":6,"column":0},"end":{"line":6,"column":null}},"4":{"start":{"line":6,"column":13},"end":{"line":6,"column":null}},"5":{"start":{"line":6,"column":13},"end":{"line":6,"column":30}},"6":{"start":{"line":9,"column":0},"end":{"line":9,"column":null}},"7":{"start":{"line":9,"column":13},"end":{"line":9,"column":null}},"8":{"start":{"line":9,"column":13},"end":{"line":9,"column":29}}},"fnMap":{},"branchMap":{},"s":{"0":0,"1":0,"2":0,"3":0,"4":0,"5":0,"6":0,"7":0,"8":0},"f":{},"b":{}}
}
